<?xml version="1.0" encoding="UTF-8"?>
<testsuite name="com.ll.exam1.MyArrayListTest" tests="1" skipped="0" failures="0" errors="0" timestamp="2023-04-19T08:22:03" hostname="DESKTOP-1PVIJ6M" time="0.024">
  <properties/>
  <testcase name="testClear2()" classname="com.ll.exam1.MyArrayListTest" time="0.024"/>
  <system-out><![CDATA[]]></system-out>
  <system-err><![CDATA[]]></system-err>
</testsuite>
